2019-04-04 20:23:00,595 - INFO - app - API has started...
2019-04-04 20:26:47,602 - INFO - app - API has started...
2019-04-04 20:27:40,109 - DEBUG - db - Getting database connection...
2019-04-04 20:27:41,348 - INFO - posts_blueprint - Getting list of posts that have likes pending...
2019-04-04 20:27:41,659 - INFO - posts_blueprint - List of posts returned successfully!
2019-04-04 20:27:41,660 - DEBUG - db - Closing database connection...
2019-04-04 20:30:55,534 - DEBUG - db - Getting database connection...
2019-04-04 20:30:56,523 - INFO - posts_blueprint - Adding post ['www.link.com', '40'] to the database!
2019-04-04 20:30:56,524 - INFO - posts_blueprint - Checking if post already exists...
2019-04-04 20:30:56,843 - DEBUG - posts_blueprint - Post does not exist!
2019-04-04 20:30:56,844 - INFO - posts_blueprint - Creating new post ['www.link.com', '40']
2019-04-04 20:30:57,039 - INFO - posts_blueprint - Post created successfully!
2019-04-04 20:30:57,039 - DEBUG - db - Closing database connection...
2019-04-04 20:51:37,704 - DEBUG - db - Getting database connection...
2019-04-04 20:51:38,636 - INFO - posts_blueprint - Getting list of posts that have likes pending...
2019-04-04 20:51:38,943 - INFO - posts_blueprint - List of posts returned successfully!
2019-04-04 20:51:38,943 - DEBUG - db - Closing database connection...
2019-04-04 20:56:53,989 - DEBUG - db - Getting database connection...
2019-04-04 20:56:55,341 - INFO - posts_blueprint - Getting list of posts that have likes pending...
2019-04-04 20:56:55,660 - INFO - posts_blueprint - List of posts returned successfully!
2019-04-04 20:56:55,660 - DEBUG - db - Closing database connection...
2019-04-04 20:57:01,957 - DEBUG - db - Getting database connection...
2019-04-04 20:57:02,908 - INFO - posts_blueprint - Getting list of posts that have likes pending...
2019-04-04 20:57:03,222 - INFO - posts_blueprint - List of posts returned successfully!
2019-04-04 20:57:03,222 - DEBUG - db - Closing database connection...
2019-04-04 20:58:18,840 - DEBUG - db - Getting database connection...
2019-04-04 20:58:20,107 - INFO - posts_blueprint - Getting list of posts that have likes pending...
2019-04-04 20:58:20,813 - INFO - posts_blueprint - List of posts returned successfully!
2019-04-04 20:58:20,813 - DEBUG - db - Closing database connection...
2019-04-04 20:58:43,157 - DEBUG - db - Getting database connection...
2019-04-04 20:58:44,106 - INFO - posts_blueprint - Getting list of posts that have likes pending...
2019-04-04 20:58:44,420 - INFO - posts_blueprint - List of posts returned successfully!
2019-04-04 20:58:44,420 - DEBUG - db - Closing database connection...
2019-04-04 20:59:24,834 - DEBUG - db - Getting database connection...
2019-04-04 20:59:25,804 - INFO - posts_blueprint - Getting list of posts that have likes pending...
2019-04-04 20:59:26,122 - INFO - posts_blueprint - List of posts returned successfully!
2019-04-04 20:59:26,123 - DEBUG - db - Closing database connection...
2019-04-04 20:59:45,102 - DEBUG - db - Getting database connection...
2019-04-04 20:59:46,042 - INFO - posts_blueprint - Getting list of posts that have likes pending...
2019-04-04 20:59:46,351 - INFO - posts_blueprint - List of posts returned successfully!
2019-04-04 20:59:46,351 - DEBUG - db - Closing database connection...
2019-04-04 21:00:06,082 - DEBUG - db - Getting database connection...
2019-04-04 21:00:07,052 - INFO - posts_blueprint - Getting list of posts that have likes pending...
2019-04-04 21:00:07,371 - INFO - posts_blueprint - List of posts returned successfully!
2019-04-04 21:00:07,372 - DEBUG - db - Closing database connection...
2019-04-04 21:00:18,901 - DEBUG - db - Getting database connection...
2019-04-04 21:00:19,839 - INFO - posts_blueprint - Getting list of posts that have likes pending...
2019-04-04 21:00:20,149 - INFO - posts_blueprint - List of posts returned successfully!
2019-04-04 21:00:20,149 - DEBUG - db - Closing database connection...
2019-04-04 21:00:47,026 - DEBUG - db - Getting database connection...
2019-04-04 21:00:47,994 - INFO - posts_blueprint - Getting list of posts that have likes pending...
2019-04-04 21:00:48,312 - INFO - posts_blueprint - List of posts returned successfully!
2019-04-04 21:00:48,312 - DEBUG - db - Closing database connection...
2019-04-04 21:00:58,336 - DEBUG - db - Getting database connection...
2019-04-04 21:00:59,285 - INFO - posts_blueprint - Getting list of posts that have likes pending...
2019-04-04 21:00:59,600 - INFO - posts_blueprint - List of posts returned successfully!
2019-04-04 21:00:59,600 - DEBUG - db - Closing database connection...
2019-04-04 21:46:25,760 - INFO - app - API has started...
2019-04-04 21:48:31,313 - INFO - app - API has started...
2019-04-04 21:48:51,257 - DEBUG - db - Getting database connection...
2019-04-04 21:48:52,747 - INFO - posts_blueprint - Updating post 12 likes
2019-04-04 21:48:52,748 - ERROR - posts_blueprint - Failed to decrement post likes!
2019-04-04 21:48:52,748 - ERROR - posts_blueprint - not all arguments converted during string formatting
Traceback (most recent call last):
  File "C:\Users\Robson\Desktop\must file\projects\Fatal Likes\RESTapi\templates\posts_blueprint.py", line 77, in decrement_post_likes
    db.execute(sql, post_id)
TypeError: not all arguments converted during string formatting
2019-04-04 21:48:52,770 - DEBUG - db - Closing database connection...
2019-04-04 21:51:34,186 - INFO - app - API has started...
2019-04-04 21:51:40,606 - DEBUG - db - Getting database connection...
2019-04-04 21:51:41,855 - INFO - posts_blueprint - Updating post 12 likes
2019-04-04 21:51:41,856 - ERROR - posts_blueprint - Failed to decrement post likes!
2019-04-04 21:51:41,877 - ERROR - posts_blueprint - not all arguments converted during string formatting
Traceback (most recent call last):
  File "C:\Users\Robson\Desktop\must file\projects\Fatal Likes\RESTapi\templates\posts_blueprint.py", line 77, in decrement_post_likes
    db.execute(sql, post_id)
TypeError: not all arguments converted during string formatting
2019-04-04 21:51:41,878 - DEBUG - db - Closing database connection...
2019-04-04 21:52:22,211 - INFO - app - API has started...
2019-04-04 21:52:29,836 - DEBUG - db - Getting database connection...
2019-04-04 21:52:31,028 - INFO - posts_blueprint - Updating post 12 likes
2019-04-04 21:52:31,579 - DEBUG - db - Closing database connection...
